<?xml version='1.0' encoding='UTF-8' ?>
<testsuite name="com.codewithfk.shopper.TestScenario2" tests="1" failures="0" errors="0" skipped="0" time="17.143" timestamp="2024-10-25T14:25:28" hostname="localhost">
  <properties>
    <property name="device" value="Pixel_7_API_34(AVD) - 14" />
    <property name="flavor" value="" />
    <property name="project" value=":presentation" />
  </properties>
  <testcase name="testHomeScreenHeader" classname="com.codewithfk.shopper.TestScenario2" time="-1.729866311411E9" />
</testsuite>